Connecting to database specified by database.yml
Connecting to database specified by database.yml


Started GET "/assets/rails.png" for 127.0.0.1 at Wed Nov 28 15:52:49 -0800 2012
Served asset /rails.png - 200 OK (6ms)


Started GET "/assets/rails.png" for 127.0.0.1 at Wed Nov 28 15:52:50 -0800 2012
Served asset /rails.png - 304 Not Modified (0ms)


Started GET "/assets/rails.png" for 127.0.0.1 at Wed Nov 28 15:52:51 -0800 2012
Served asset /rails.png - 304 Not Modified (0ms)


Started GET "/assets/rails.png" for 127.0.0.1 at Wed Nov 28 15:53:15 -0800 2012
Served asset /rails.png - 304 Not Modified (0ms)


Started GET "/assets/rails.png" for 127.0.0.1 at Wed Nov 28 15:53:16 -0800 2012
Served asset /rails.png - 304 Not Modified (0ms)


Started GET "/" for 127.0.0.1 at Wed Nov 28 15:53:51 -0800 2012
Processing by LoginsController#index as HTML
WARNING on line 149 of /Users/elee/landskape/app/assets/stylesheets/style.sass:
This selector doesn't have any properties and will not be rendered.
WARNING on line 150 of /Users/elee/landskape/app/assets/stylesheets/style.sass:
This selector doesn't have any properties and will not be rendered.
WARNING on line 205 of /Users/elee/landskape/app/assets/stylesheets/style.sass:
This selector doesn't have any properties and will not be rendered.
WARNING on line 206 of /Users/elee/landskape/app/assets/stylesheets/style.sass:
This selector doesn't have any properties and will not be rendered.
WARNING on line 207 of /Users/elee/landskape/app/assets/stylesheets/style.sass:
This selector doesn't have any properties and will not be rendered.
Compiled bootstrap.css  (2ms)  (pid 1460)
Compiled style.css  (7093ms)  (pid 1460)
Compiled jquery.js  (7ms)  (pid 1460)
Compiled jquery_ujs.js  (0ms)  (pid 1460)
Compiled twitter/bootstrap/bootstrap-transition.js  (0ms)  (pid 1460)
Compiled twitter/bootstrap/bootstrap-alert.js  (0ms)  (pid 1460)
Compiled twitter/bootstrap/bootstrap-modal.js  (0ms)  (pid 1460)
Compiled twitter/bootstrap/bootstrap-dropdown.js  (0ms)  (pid 1460)
Compiled twitter/bootstrap/bootstrap-scrollspy.js  (0ms)  (pid 1460)
Compiled twitter/bootstrap/bootstrap-tab.js  (0ms)  (pid 1460)
Compiled twitter/bootstrap/bootstrap-tooltip.js  (1ms)  (pid 1460)
Compiled twitter/bootstrap/bootstrap-popover.js  (0ms)  (pid 1460)
Compiled twitter/bootstrap/bootstrap-button.js  (0ms)  (pid 1460)
Compiled twitter/bootstrap/bootstrap-collapse.js  (0ms)  (pid 1460)
Compiled twitter/bootstrap/bootstrap-carousel.js  (0ms)  (pid 1460)
Compiled twitter/bootstrap/bootstrap-typeahead.js  (0ms)  (pid 1460)
Compiled twitter/bootstrap/bootstrap-affix.js  (0ms)  (pid 1460)
Compiled twitter/bootstrap.js  (271ms)  (pid 1460)
Compiled navbar.js  (0ms)  (pid 1460)
Compiled pic.js  (0ms)  (pid 1460)
Compiled userpage.js  (0ms)  (pid 1460)
Compiled application.js  (514ms)  (pid 1460)
  Rendered logins/index.html.haml (7924.5ms)
Completed 200 OK in 7945ms (Views: 7944.4ms | ActiveRecord: 0.0ms)


Started GET "/assets/jquery.js?body=1" for 127.0.0.1 at Wed Nov 28 15:53:59 -0800 2012
Served asset /jquery.js - 200 OK (8ms)


Started GET "/assets/style.css?body=1" for 127.0.0.1 at Wed Nov 28 15:53:59 -0800 2012
Served asset /style.css - 200 OK (71ms)


Started GET "/assets/jquery_ujs.js?body=1" for 127.0.0.1 at Wed Nov 28 15:53:59 -0800 2012
Served asset /jquery_ujs.js - 200 OK (8ms)


Started GET "/assets/twitter/bootstrap/bootstrap-transition.js?body=1" for 127.0.0.1 at Wed Nov 28 15:53:59 -0800 2012
Served asset /twitter/bootstrap/bootstrap-transition.js - 200 OK (53ms)


Started GET "/assets/twitter/bootstrap/bootstrap-alert.js?body=1" for 127.0.0.1 at Wed Nov 28 15:53:59 -0800 2012
Served asset /twitter/bootstrap/bootstrap-alert.js - 200 OK (6ms)


Started GET "/assets/twitter/bootstrap/bootstrap-modal.js?body=1" for 127.0.0.1 at Wed Nov 28 15:53:59 -0800 2012
Served asset /twitter/bootstrap/bootstrap-modal.js - 200 OK (8ms)


Started GET "/assets/twitter/bootstrap/bootstrap-dropdown.js?body=1" for 127.0.0.1 at Wed Nov 28 15:53:59 -0800 2012
Served asset /twitter/bootstrap/bootstrap-dropdown.js - 200 OK (7ms)


Started GET "/assets/twitter/bootstrap/bootstrap-scrollspy.js?body=1" for 127.0.0.1 at Wed Nov 28 15:53:59 -0800 2012
Served asset /twitter/bootstrap/bootstrap-scrollspy.js - 200 OK (10ms)


Started GET "/assets/twitter/bootstrap/bootstrap-tab.js?body=1" for 127.0.0.1 at Wed Nov 28 15:53:59 -0800 2012
Served asset /twitter/bootstrap/bootstrap-tab.js - 200 OK (6ms)


Started GET "/assets/twitter/bootstrap/bootstrap-tooltip.js?body=1" for 127.0.0.1 at Wed Nov 28 15:53:59 -0800 2012
Served asset /twitter/bootstrap/bootstrap-tooltip.js - 200 OK (8ms)


Started GET "/assets/twitter/bootstrap/bootstrap-popover.js?body=1" for 127.0.0.1 at Wed Nov 28 15:53:59 -0800 2012
Served asset /twitter/bootstrap/bootstrap-popover.js - 200 OK (5ms)


Started GET "/assets/twitter/bootstrap/bootstrap-button.js?body=1" for 127.0.0.1 at Wed Nov 28 15:53:59 -0800 2012
Served asset /twitter/bootstrap/bootstrap-button.js - 200 OK (5ms)


Started GET "/assets/twitter/bootstrap/bootstrap-collapse.js?body=1" for 127.0.0.1 at Wed Nov 28 15:53:59 -0800 2012
Served asset /twitter/bootstrap/bootstrap-collapse.js - 200 OK (4ms)


Started GET "/assets/twitter/bootstrap/bootstrap-carousel.js?body=1" for 127.0.0.1 at Wed Nov 28 15:53:59 -0800 2012
Served asset /twitter/bootstrap/bootstrap-carousel.js - 200 OK (5ms)


Started GET "/assets/twitter/bootstrap/bootstrap-typeahead.js?body=1" for 127.0.0.1 at Wed Nov 28 15:53:59 -0800 2012
Served asset /twitter/bootstrap/bootstrap-typeahead.js - 200 OK (6ms)


Started GET "/assets/userpage.js?body=1" for 127.0.0.1 at Wed Nov 28 15:53:59 -0800 2012
Served asset /userpage.js - 200 OK (3ms)


Started GET "/assets/navbar.js?body=1" for 127.0.0.1 at Wed Nov 28 15:53:59 -0800 2012
Served asset /navbar.js - 200 OK (3ms)


Started GET "/assets/twitter/bootstrap.js?body=1" for 127.0.0.1 at Wed Nov 28 15:53:59 -0800 2012
Served asset /twitter/bootstrap.js - 200 OK (114ms)


Started GET "/assets/twitter/bootstrap/bootstrap-affix.js?body=1" for 127.0.0.1 at Wed Nov 28 15:53:59 -0800 2012
Served asset /twitter/bootstrap/bootstrap-affix.js - 200 OK (5ms)


Started GET "/assets/pic.js?body=1" for 127.0.0.1 at Wed Nov 28 15:53:59 -0800 2012
Served asset /pic.js - 200 OK (4ms)


Started GET "/assets/application.js?body=1" for 127.0.0.1 at Wed Nov 28 15:53:59 -0800 2012
Served asset /application.js - 200 OK (44ms)
